<?xml version="1.0" encoding="UTF-8"?>
<!-- Generated by org.testng.reporters.JUnitReportReporter -->
<testsuite skipped="0" hostname="Adnans-MacBook-Pro.local" name="testNGPractice.ParallelTestChrome" tests="1" failures="0" timestamp="13 Feb 2018 19:33:29 GMT" time="3.051" errors="0">
  <testcase name="chrometest" time="3.051" classname="testNGPractice.ParallelTestChrome"/>
</testsuite> <!-- testNGPractice.ParallelTestChrome -->
