<?xml version="1.0" encoding="UTF-8"?>
<!-- Generated by org.testng.reporters.JUnitReportReporter -->
<testsuite skipped="0" hostname="Adnans-MacBook-Pro.local" name="testNGPractice.TestNGSuitePractice1" tests="2" failures="0" timestamp="12 Feb 2018 22:44:45 GMT" time="0.006" errors="0">
  <testcase name="method2" time="0.002" classname="testNGPractice.TestNGSuitePractice1"/>
  <testcase name="method1" time="0.004" classname="testNGPractice.TestNGSuitePractice1"/>
</testsuite> <!-- testNGPractice.TestNGSuitePractice1 -->
