<?xml version="1.0" encoding="UTF-8"?>
<!-- Generated by org.testng.reporters.JUnitReportReporter -->
<testsuite skipped="0" hostname="Adnans-MacBook-Pro.local" name="testNGPractice.ParallelTestFirefox" tests="1" failures="0" timestamp="13 Feb 2018 20:02:19 GMT" time="1.829" errors="0">
  <testcase name="firefoxtest" time="1.829" classname="testNGPractice.ParallelTestFirefox"/>
</testsuite> <!-- testNGPractice.ParallelTestFirefox -->
