<?xml version="1.0" encoding="UTF-8"?>
<!-- Generated by org.testng.reporters.JUnitReportReporter -->
<testsuite skipped="0" hostname="Adnans-MacBook-Pro.local" name="testNGPractice.TestNGSuitePractice2" tests="2" failures="0" timestamp="13 Feb 2018 19:40:19 GMT" time="0.003" errors="0">
  <testcase name="method1" time="0.001" classname="testNGPractice.TestNGSuitePractice2"/>
  <testcase name="method2" time="0.002" classname="testNGPractice.TestNGSuitePractice2"/>
</testsuite> <!-- testNGPractice.TestNGSuitePractice2 -->
