<?xml version="1.0" encoding="UTF-8"?>
<!-- Generated by org.testng.reporters.JUnitReportReporter -->
<testsuite skipped="0" hostname="Adnans-MacBook-Pro.local" name="testNGPractice.AnnotationPractice" tests="4" failures="0" timestamp="12 Feb 2018 19:00:12 GMT" time="0.009" errors="0">
  <testcase name="testMethod2" time="0.001" classname="testNGPractice.AnnotationPractice"/>
  <testcase name="testMethod1" time="0.007" classname="testNGPractice.AnnotationPractice"/>
  <testcase name="testMethod3" time="0.000" classname="testNGPractice.AnnotationPractice"/>
  <testcase name="testMethod4" time="0.001" classname="testNGPractice.AnnotationPractice"/>
</testsuite> <!-- testNGPractice.AnnotationPractice -->
