<?xml version="1.0" encoding="UTF-8"?>
<!-- Generated by org.testng.reporters.JUnitReportReporter -->
<testsuite skipped="0" hostname="Adnans-MacBook-Pro.local" name="testNGPractice.DataProvidersInTestNG" tests="3" failures="0" timestamp="13 Feb 2018 22:00:30 GMT" time="0.009" errors="0">
  <testcase name="testMethod1" time="0.006" classname="testNGPractice.DataProvidersInTestNG"/>
  <testcase name="testMethod1" time="0.001" classname="testNGPractice.DataProvidersInTestNG"/>
  <testcase name="testMethod1" time="0.002" classname="testNGPractice.DataProvidersInTestNG"/>
</testsuite> <!-- testNGPractice.DataProvidersInTestNG -->
