<?xml version="1.0" encoding="UTF-8"?>
<!-- Generated by org.testng.reporters.JUnitReportReporter -->
<testsuite skipped="0" hostname="Adnans-MacBook-Pro.local" name="testNGPractice.MethodsAndClasses" tests="2" failures="0" timestamp="12 Feb 2018 22:35:55 GMT" time="0.005" errors="0">
  <testcase name="method2" time="0.004" classname="testNGPractice.MethodsAndClasses"/>
  <testcase name="method1" time="0.001" classname="testNGPractice.MethodsAndClasses"/>
</testsuite> <!-- testNGPractice.MethodsAndClasses -->
