<?xml version="1.0" encoding="UTF-8"?>
<!-- Generated by org.testng.reporters.JUnitReportReporter -->
<testsuite skipped="0" hostname="Adnans-MacBook-Pro.local" name="testNGPractice.TestNGGroupingPractice" tests="2" failures="0" timestamp="13 Feb 2018 19:40:06 GMT" time="0.005" errors="0">
  <testcase name="testHondaCBR" time="0.004" classname="testNGPractice.TestNGGroupingPractice"/>
  <testcase name="testNinja" time="0.001" classname="testNGPractice.TestNGGroupingPractice"/>
</testsuite> <!-- testNGPractice.TestNGGroupingPractice -->
