<?xml version="1.0" encoding="UTF-8"?>
<!-- Generated by org.testng.reporters.JUnitReportReporter -->
<testsuite skipped="0" hostname="Adnans-MacBook-Pro.local" name="testNGPractice.TestNGSuitePractice1" tests="2" failures="0" timestamp="13 Feb 2018 19:40:14 GMT" time="0.007" errors="0">
  <testcase name="method1" time="0.005" classname="testNGPractice.TestNGSuitePractice1"/>
  <testcase name="method2" time="0.002" classname="testNGPractice.TestNGSuitePractice1"/>
</testsuite> <!-- testNGPractice.TestNGSuitePractice1 -->
