<?xml version="1.0" encoding="UTF-8"?>
<!-- Generated by org.testng.reporters.JUnitReportReporter -->
<testsuite skipped="0" hostname="Adnans-MacBook-Pro.local" name="testNGPractice.ParametersInTestNG" tests="1" failures="0" timestamp="13 Feb 2018 19:39:54 GMT" time="0.004" errors="0">
  <testcase name="testMethod1" time="0.004" classname="testNGPractice.ParametersInTestNG"/>
</testsuite> <!-- testNGPractice.ParametersInTestNG -->
