<?xml version="1.0" encoding="UTF-8"?>
<!-- Generated by org.testng.reporters.JUnitReportReporter -->
<testsuite skipped="0" hostname="Adnans-MacBook-Pro.local" name="testNGPractice.AssertsInTestNG" tests="4" failures="0" timestamp="12 Feb 2018 20:27:30 GMT" time="2.937" errors="0">
  <testcase name="testStrings" time="0.001" classname="testNGPractice.AssertsInTestNG"/>
  <testcase name="getTitle" time="2.933" classname="testNGPractice.AssertsInTestNG"/>
  <testcase name="testSum" time="0.002" classname="testNGPractice.AssertsInTestNG"/>
  <testcase name="testArrays" time="0.001" classname="testNGPractice.AssertsInTestNG"/>
</testsuite> <!-- testNGPractice.AssertsInTestNG -->
